0 info it worked if it ends with ok
1 verbose cli [ 'C:\\cygwin64\\opt\\node\\node.exe',
1 verbose cli   'C:\\cygwin64\\opt\\node\\node_modules\\npm\\bin\\npm-cli.js',
1 verbose cli   'run',
1 verbose cli   'debug' ]
2 info using npm@2.7.5
3 info using node@v0.12.2
4 verbose run-script [ 'predebug', 'debug', 'postdebug' ]
5 info predebug mush@0.0.0
6 info debug mush@0.0.0
7 verbose unsafe-perm in lifecycle true
8 info mush@0.0.0 Failed to exec debug script
9 verbose stack Error: mush@0.0.0 debug: `node server.js`
9 verbose stack Exit status 1
9 verbose stack     at EventEmitter.<anonymous> (C:\cygwin64\opt\node\node_modules\npm\lib\utils\lifecycle.js:213:16)
9 verbose stack     at EventEmitter.emit (events.js:110:17)
9 verbose stack     at ChildProcess.<anonymous> (C:\cygwin64\opt\node\node_modules\npm\lib\utils\spawn.js:14:12)
9 verbose stack     at ChildProcess.emit (events.js:110:17)
9 verbose stack     at maybeClose (child_process.js:1015:16)
9 verbose stack     at Process.ChildProcess._handle.onexit (child_process.js:1087:5)
10 verbose pkgid mush@0.0.0
11 verbose cwd C:\cygwin64\home\Dharun\dev\ironbay\mush\mush-web
12 error Windows_NT 6.3.9600
13 error argv "C:\\cygwin64\\opt\\node\\node.exe" "C:\\cygwin64\\opt\\node\\node_modules\\npm\\bin\\npm-cli.js" "run" "debug"
14 error node v0.12.2
15 error npm  v2.7.5
16 error code ELIFECYCLE
17 error mush@0.0.0 debug: `node server.js`
17 error Exit status 1
18 error Failed at the mush@0.0.0 debug script 'node server.js'.
18 error This is most likely a problem with the mush package,
18 error not with npm itself.
18 error Tell the author that this fails on your system:
18 error     node server.js
18 error You can get their info via:
18 error     npm owner ls mush
18 error There is likely additional logging output above.
19 verbose exit [ 1, true ]
